{
  "RSpec": {
    "coverage": {
      "/Users/nikita/Developer/Projects/FullCourse/Week4/Bookmark-manager/spec/bookmark_list_spec.rb": {
        "lines": [
          1,
          null,
          1,
          null,
          1,
          1,
          1,
          1,
          null,
          null,
          null,
          null
        ]
      },
      "/Users/nikita/Developer/Projects/FullCourse/Week4/Bookmark-manager/spec/features/bookmarks_list_spec.rb": {
        "lines": [
          1,
          1,
          1,
          1,
          null,
          null
        ]
      },
      "/Users/nikita/Developer/Projects/FullCourse/Week4/Bookmark-manager/spec/features/index_page_spec.rb": {
        "lines": [
          1,
          1,
          1,
          1,
          null,
          null
        ]
      }
    },
    "timestamp": 1591104618
  }
}
